android/app/build/outputs/mapping/release/seeds.txt
com.dexterous.flutterlocalnotifications.FlutterLocalNotificationsPlugin: java.lang.String NOTIFICATION_DETAILS
com.dexterous.flutterlocalnotifications.models.NotificationChannelDetails: java.lang.String LED_COLOR_BLUE
com.dexterous.flutterlocalnotifications.models.NotificationDetails: java.lang.String SET_AS_GROUP_SUMMARY
com.google.firebase.datatransport.TransportRegistrar: java.lang.String LIBRARY_NAME
com.dexterous.flutterlocalnotifications.models.NotificationDetails: java.lang.Boolean silent
com.dexterous.flutterlocalnotifications.FlutterLocalNotificationsPlugin: java.lang.String INVALID_LED_DETAILS_ERROR_MESSAGE
com.google.android.gms.signin.internal.zag: android.os.Parcelable$Creator CREATOR
com.dexterous.flutterlocalnotifications.models.styles.BigPictureStyleInformation: java.lang.Object largeIcon
io.flutter.view.FlutterCallbackInformation: java.lang.String callbackClassName
com.google.android.gms.common.internal.ClientIdentity: android.os.Parcelable$Creator CREATOR
com.dexterous.flutterlocalnotifications.FlutterLocalNotificationsPlugin: java.lang.String CANCEL_TAG
com.dexterous.flutterlocalnotifications.models.NotificationDetails: java.util.List actions
com.google.android.gms.maps.model.LatLngBounds: android.os.Parcelable$Creator CREATOR
androidx.lifecycle.Lifecycle$Event: androidx.lifecycle.Lifecycle$Event ON_STOP
androidx.datastore.preferences.protobuf.AbstractMessageLite: int memoizedHashCode
androidx.datastore.preferences.PreferencesProto$StringSet: androidx.datastore.preferences.PreferencesProto$StringSet DEFAULT_INSTANCE
androidx.datastore.preferences.PreferencesProto$Value: int BYTES_FIELD_NUMBER
com.dexterous.flutterlocalnotifications.RuntimeTypeAdapterFactory: java.lang.Class baseType
kotlinx.coroutines.channels.BufferedChannel: long receivers
com.dexterous.flutterlocalnotifications.models.IconSource: com.dexterous.flutterlocalnotifications.models.IconSource DrawableResource
androidx.datastore.preferences.PreferencesProto$PreferenceMap: int PREFERENCES_FIELD_NUMBER
io.flutter.embedding.engine.FlutterJNI: float displayHeight
com.dexterous.flutterlocalnotifications.models.NotificationDetails: java.lang.String FULL_SCREEN_INTENT
com.dexterous.flutterlocalnotifications.models.NotificationChannelGroupDetails: java.lang.String NAME
com.dexterous.flutterlocalnotifications.models.Time: java.lang.String SECOND
com.dexterous.flutterlocalnotifications.models.NotificationDetails: java.lang.String LED_COLOR_GREEN
com.dexterous.flutterlocalnotifications.models.SoundSource: com.dexterous.flutterlocalnotifications.models.SoundSource Uri
com.dexterous.flutterlocalnotifications.models.NotificationDetails: java.lang.String CHANNEL_DESCRIPTION
com.dexterous.flutterlocalnotifications.models.NotificationDetails: java.lang.String scheduledDateTime
com.dexterous.flutterlocalnotifications.models.styles.InboxStyleInformation: java.lang.String contentTitle
com.dexterous.flutterlocalnotifications.models.IconSource: com.dexterous.flutterlocalnotifications.models.IconSource BitmapFilePath
com.dexterous.flutterlocalnotifications.models.NotificationDetails: java.lang.String ONLY_ALERT_ONCE
com.dexterous.flutterlocalnotifications.models.NotificationDetails: java.lang.Integer visibility
kotlinx.coroutines.scheduling.CoroutineScheduler: long parkedWorkersStack
androidx.versionedparcelable.ParcelImpl: android.os.Parcelable$Creator CREATOR
kotlinx.coroutines.DefaultExecutor: int debugStatus
com.dexterous.flutterlocalnotifications.models.NotificationDetails: java.lang.String HTML_FORMAT_CONTENT
com.dexterous.flutterlocalnotifications.models.NotificationDetails: java.lang.Integer progress
com.dexterous.flutterlocalnotifications.models.MessageDetails: java.lang.Long timestamp
com.dexterous.flutterlocalnotifications.models.NotificationDetails: java.lang.String VIBRATION_PATTERN
io.flutter.embedding.engine.mutatorsstack.FlutterMutatorsStack: android.graphics.Matrix finalMatrix