android/app/build/outputs/mapping/release/usage.txt
com.sleepingbeauty.app.MainActivity
...
com.google.android.gms.stats.CodePackage
com.google.android.gms.stats.GCoreWakefulBroadcastReceiver
com.google.android.gms.stats.R
com.google.android.gms.stats.zzc:
    private void <init>()
com.google.android.gms.tasks.CancellationToken
com.google.android.gms.tasks.CancellationTokenSource
com.google.android.gms.tasks.NativeOnCompleteListener
com.google.android.gms.tasks.OnTokenCanceledListener
com.google.android.gms.tasks.R
com.google.android.gms.tasks.Task:
    public com.google.android.gms.tasks.Task addOnCanceledListener(android.app.Activity,com.google.android.gms.tasks.OnCanceledListener)
    public com.google.android.gms.tasks.Task addOnCanceledListener(com.google.android.gms.tasks.OnCanceledListener)
    public com.google.android.gms.tasks.Task addOnCompleteListener(android.app.Activity,com.google.android.gms.tasks.OnCompleteListener)
    public abstract com.google.android.gms.tasks.Task addOnFailureListener(android.app.Activity,com.google.android.gms.tasks.OnFailureListener)
    public abstract com.google.android.gms.tasks.Task addOnSuccessListener(android.app.Activity,com.google.android.gms.tasks.OnSuccessListener)
    public com.google.android.gms.tasks.Task continueWith(com.google.android.gms.tasks.Continuation)
    public com.google.android.gms.tasks.Task continueWithTask(com.google.android.gms.tasks.Continuation)
com.google.android.gms.tasks.TaskCompletionSource:
    public void <init>(com.google.android.gms.tasks.CancellationToken)
    static synthetic bridge com.google.android.gms.tasks.zzw zza(com.google.android.gms.tasks.TaskCompletionSource)
com.google.android.gms.tasks.TaskExecutors:
    private void <init>()
com.google.android.gms.tasks.Tasks:
    private void <init>()
    public static com.google.android.gms.tasks.Task call(java.util.concurrent.Callable)
    public static com.google.android.gms.tasks.Task forCanceled()
    public static com.google.android.gms.tasks.Task whenAll(java.util.Collection)
    public static varargs com.google.android.gms.tasks.Task whenAll(com.google.android.gms.tasks.Task[])
    public static com.google.android.gms.tasks.Task whenAllComplete(java.util.Collection)
    public static com.google.android.gms.tasks.Task whenAllComplete(java.util.concurrent.Executor,java.util.Collection)
    public static varargs com.google.android.gms.tasks.Task whenAllComplete(java.util.concurrent.Executor,com.google.android.gms.tasks.Task[])
    public static varargs com.google.android.gms.tasks.Task whenAllComplete(com.google.android.gms.tasks.Task[])
    public static com.google.android.gms.tasks.Task whenAllSuccess(java.util.Collection)
    public static com.google.android.gms.tasks.Task whenAllSuccess(java.util.concurrent.Executor,java.util.Collection)
    public static varargs com.google.android.gms.tasks.Task whenAllSuccess(java.util.concurrent.Executor,com.google.android.gms.tasks.Task[])
    public static varargs com.google.android.gms.tasks.Task whenAllSuccess(com.google.android.gms.tasks.Task[])
    public static com.google.android.gms.tasks.Task withTimeout(com.google.android.gms.tasks.Task,long,java.util.concurrent.TimeUnit)
com.google.android.gms.tasks.zza
com.google.android.gms.tasks.zzaa
com.google.android.gms.tasks.zzab
com.google.android.gms.tasks.zzad:
    private void <init>()
com.google.android.gms.tasks.zzaf
com.google.android.gms.tasks.zzb
com.google.android.gms.tasks.zzd:
    public final void zzc()
com.google.android.gms.tasks.zzf:
    public final void zzc()
com.google.android.gms.tasks.zzh:
    public final void zzc()
com.google.android.gms.tasks.zzj:
    public final void zzc()
com.google.android.gms.tasks.zzl:
    public final void zzc()
com.google.android.gms.tasks.zzn:
    public final void zzc()
com.google.android.gms.tasks.zzp:
    public final void zzc()
com.google.android.gms.tasks.zzq:
    public abstract void zzc()
com.google.android.gms.tasks.zzs
com.google.android.gms.tasks.zzv